<?xml version="1.0" encoding="UTF-8"?>
<testsuite xmlns:xsi="http://www.w3.org/2001/XMLSchema-instance" xsi:noNamespaceSchemaLocation="https://maven.apache.org/surefire/maven-surefire-plugin/xsd/surefire-test-report-3.0.xsd" version="3.0" name="FraudPreventionFeaturesJobTest" time="2.735" tests="1" errors="0" skipped="0" failures="0">
  <properties>
    <property name="java.specification.version" value="17"/>
    <property name="sun.jnu.encoding" value="UTF-8"/>
    <property name="java.class.path" value="/Users/marcos/workspace/clip_backup/target/test-classes:/Users/marcos/workspace/clip_backup/target/classes:/Users/marcos/.m2/repository/com/amazonaws/aws-kinesisanalytics-runtime/1.2.0/aws-kinesisanalytics-runtime-1.2.0.jar:/Users/marcos/.m2/repository/org/apache/flink/flink-connector-kinesis/1.15.2/flink-connector-kinesis-1.15.2.jar:/Users/marcos/.m2/repository/joda-time/joda-time/2.5/joda-time-2.5.jar:/Users/marcos/.m2/repository/commons-io/commons-io/2.11.0/commons-io-2.11.0.jar:/Users/marcos/.m2/repository/commons-lang/commons-lang/2.6/commons-lang-2.6.jar:/Users/marcos/.m2/repository/org/apache/commons/commons-lang3/3.3.2/commons-lang3-3.3.2.jar:/Users/marcos/.m2/repository/commons-logging/commons-logging/1.1.3/commons-logging-1.1.3.jar:/Users/marcos/.m2/repository/com/fasterxml/jackson/core/jackson-core/2.13.2/jackson-core-2.13.2.jar:/Users/marcos/.m2/repository/com/google/guava/guava/29.0-jre/guava-29.0-jre.jar:/Users/marcos/.m2/repository/com/google/guava/failureaccess/1.0.1/failureaccess-1.0.1.jar:/Users/marcos/.m2/repository/com/google/guava/listenablefuture/9999.0-empty-to-avoid-conflict-with-guava/listenablefuture-9999.0-empty-to-avoid-conflict-with-guava.jar:/Users/marcos/.m2/repository/org/checkerframework/checker-qual/2.11.1/checker-qual-2.11.1.jar:/Users/marcos/.m2/repository/com/google/errorprone/error_prone_annotations/2.3.4/error_prone_annotations-2.3.4.jar:/Users/marcos/.m2/repository/com/google/j2objc/j2objc-annotations/1.3/j2objc-annotations-1.3.jar:/Users/marcos/.m2/repository/org/apache/flink/flink-core/1.15.2/flink-core-1.15.2.jar:/Users/marcos/.m2/repository/org/apache/flink/flink-shaded-guava/30.1.1-jre-15.0/flink-shaded-guava-30.1.1-jre-15.0.jar:/Users/marcos/.m2/repository/org/apache/flink/flink-connector-base/1.15.2/flink-connector-base-1.15.2.jar:/Users/marcos/.m2/repository/org/apache/flink/flink-table-common/1.15.2/flink-table-common-1.15.2.jar:/Users/marcos/.m2/repository/org/apache/flink/flink-annotations/1.15.2/flink-annotations-1.15.2.jar:/Users/marcos/.m2/repository/org/apache/flink/flink-metrics-core/1.15.2/flink-metrics-core-1.15.2.jar:/Users/marcos/.m2/repository/org/apache/flink/flink-shaded-asm-9/9.2-15.0/flink-shaded-asm-9-9.2-15.0.jar:/Users/marcos/.m2/repository/com/esotericsoftware/kryo/kryo/2.24.0/kryo-2.24.0.jar:/Users/marcos/.m2/repository/com/esotericsoftware/minlog/minlog/1.2/minlog-1.2.jar:/Users/marcos/.m2/repository/commons-collections/commons-collections/3.2.2/commons-collections-3.2.2.jar:/Users/marcos/.m2/repository/org/apache/commons/commons-compress/1.21/commons-compress-1.21.jar:/Users/marcos/.m2/repository/com/fasterxml/jackson/core/jackson-annotations/2.13.2/jackson-annotations-2.13.2.jar:/Users/marcos/.m2/repository/com/ibm/icu/icu4j/67.1/icu4j-67.1.jar:/Users/marcos/.m2/repository/commons-codec/commons-codec/1.15/commons-codec-1.15.jar:/Users/marcos/.m2/repository/com/fasterxml/jackson/dataformat/jackson-dataformat-cbor/2.13.2/jackson-dataformat-cbor-2.13.2.jar:/Users/marcos/.m2/repository/com/fasterxml/jackson/core/jackson-databind/2.13.2.2/jackson-databind-2.13.2.2.jar:/Users/marcos/.m2/repository/org/apache/flink/flink-shaded-force-shading/15.0/flink-shaded-force-shading-15.0.jar:/Users/marcos/.m2/repository/org/objenesis/objenesis/2.1/objenesis-2.1.jar:/Users/marcos/.m2/repository/org/apache/flink/flink-streaming-java/1.15.2/flink-streaming-java-1.15.2.jar:/Users/marcos/.m2/repository/org/apache/flink/flink-file-sink-common/1.15.2/flink-file-sink-common-1.15.2.jar:/Users/marcos/.m2/repository/org/apache/flink/flink-runtime/1.15.2/flink-runtime-1.15.2.jar:/Users/marcos/.m2/repository/org/apache/flink/flink-rpc-core/1.15.2/flink-rpc-core-1.15.2.jar:/Users/marcos/.m2/repository/org/apache/flink/flink-rpc-akka-loader/1.15.2/flink-rpc-akka-loader-1.15.2.jar:/Users/marcos/.m2/repository/org/apache/flink/flink-queryable-state-client-java/1.15.2/flink-queryable-state-client-java-1.15.2.jar:/Users/marcos/.m2/repository/org/apache/flink/flink-hadoop-fs/1.15.2/flink-hadoop-fs-1.15.2.jar:/Users/marcos/.m2/repository/org/apache/flink/flink-shaded-netty/4.1.70.Final-15.0/flink-shaded-netty-4.1.70.Final-15.0.jar:/Users/marcos/.m2/repository/org/apache/flink/flink-shaded-jackson/2.12.4-15.0/flink-shaded-jackson-2.12.4-15.0.jar:/Users/marcos/.m2/repository/org/apache/flink/flink-shaded-zookeeper-3/3.5.9-15.0/flink-shaded-zookeeper-3-3.5.9-15.0.jar:/Users/marcos/.m2/repository/org/javassist/javassist/3.24.0-GA/javassist-3.24.0-GA.jar:/Users/marcos/.m2/repository/org/xerial/snappy/snappy-java/1.1.8.3/snappy-java-1.1.8.3.jar:/Users/marcos/.m2/repository/org/lz4/lz4-java/1.8.0/lz4-java-1.8.0.jar:/Users/marcos/.m2/repository/org/apache/flink/flink-java/1.15.2/flink-java-1.15.2.jar:/Users/marcos/.m2/repository/com/twitter/chill-java/0.7.6/chill-java-0.7.6.jar:/Users/marcos/.m2/repository/org/apache/commons/commons-math3/3.6.1/commons-math3-3.6.1.jar:/Users/marcos/.m2/repository/org/slf4j/slf4j-api/1.7.32/slf4j-api-1.7.32.jar:/Users/marcos/.m2/repository/com/google/code/findbugs/jsr305/1.3.9/jsr305-1.3.9.jar:/Users/marcos/.m2/repository/org/apache/flink/flink-connector-aws-kinesis-streams/1.15.2/flink-connector-aws-kinesis-streams-1.15.2.jar:/Users/marcos/.m2/repository/org/apache/flink/flink-connector-aws-base/1.15.2/flink-connector-aws-base-1.15.2.jar:/Users/marcos/.m2/repository/software/amazon/awssdk/netty-nio-client/2.17.247/netty-nio-client-2.17.247.jar:/Users/marcos/.m2/repository/io/netty/netty-codec-http/4.1.77.Final/netty-codec-http-4.1.77.Final.jar:/Users/marcos/.m2/repository/io/netty/netty-codec-http2/4.1.77.Final/netty-codec-http2-4.1.77.Final.jar:/Users/marcos/.m2/repository/io/netty/netty-codec/4.1.77.Final/netty-codec-4.1.77.Final.jar:/Users/marcos/.m2/repository/io/netty/netty-transport/4.1.77.Final/netty-transport-4.1.77.Final.jar:/Users/marcos/.m2/repository/io/netty/netty-resolver/4.1.77.Final/netty-resolver-4.1.77.Final.jar:/Users/marcos/.m2/repository/io/netty/netty-common/4.1.77.Final/netty-common-4.1.77.Final.jar:/Users/marcos/.m2/repository/io/netty/netty-buffer/4.1.77.Final/netty-buffer-4.1.77.Final.jar:/Users/marcos/.m2/repository/io/netty/netty-handler/4.1.77.Final/netty-handler-4.1.77.Final.jar:/Users/marcos/.m2/repository/io/netty/netty-transport-classes-epoll/4.1.77.Final/netty-transport-classes-epoll-4.1.77.Final.jar:/Users/marcos/.m2/repository/io/netty/netty-transport-native-unix-common/4.1.77.Final/netty-transport-native-unix-common-4.1.77.Final.jar:/Users/marcos/.m2/repository/org/reactivestreams/reactive-streams/1.0.3/reactive-streams-1.0.3.jar:/Users/marcos/.m2/repository/software/amazon/awssdk/sts/2.17.247/sts-2.17.247.jar:/Users/marcos/.m2/repository/software/amazon/awssdk/aws-query-protocol/2.17.247/aws-query-protocol-2.17.247.jar:/Users/marcos/.m2/repository/software/amazon/awssdk/kinesis/2.17.247/kinesis-2.17.247.jar:/Users/marcos/.m2/repository/software/amazon/awssdk/aws-cbor-protocol/2.17.247/aws-cbor-protocol-2.17.247.jar:/Users/marcos/.m2/repository/software/amazon/awssdk/third-party-jackson-dataformat-cbor/2.17.247/third-party-jackson-dataformat-cbor-2.17.247.jar:/Users/marcos/.m2/repository/software/amazon/awssdk/third-party-jackson-core/2.17.247/third-party-jackson-core-2.17.247.jar:/Users/marcos/.m2/repository/software/amazon/awssdk/aws-json-protocol/2.17.247/aws-json-protocol-2.17.247.jar:/Users/marcos/.m2/repository/software/amazon/awssdk/json-utils/2.17.247/json-utils-2.17.247.jar:/Users/marcos/.m2/repository/software/amazon/awssdk/protocol-core/2.17.247/protocol-core-2.17.247.jar:/Users/marcos/.m2/repository/software/amazon/awssdk/profiles/2.17.247/profiles-2.17.247.jar:/Users/marcos/.m2/repository/software/amazon/awssdk/sdk-core/2.17.247/sdk-core-2.17.247.jar:/Users/marcos/.m2/repository/software/amazon/awssdk/auth/2.17.247/auth-2.17.247.jar:/Users/marcos/.m2/repository/software/amazon/eventstream/eventstream/1.0.1/eventstream-1.0.1.jar:/Users/marcos/.m2/repository/software/amazon/awssdk/http-client-spi/2.17.247/http-client-spi-2.17.247.jar:/Users/marcos/.m2/repository/software/amazon/awssdk/regions/2.17.247/regions-2.17.247.jar:/Users/marcos/.m2/repository/software/amazon/awssdk/annotations/2.17.247/annotations-2.17.247.jar:/Users/marcos/.m2/repository/software/amazon/awssdk/utils/2.17.247/utils-2.17.247.jar:/Users/marcos/.m2/repository/software/amazon/awssdk/aws-core/2.17.247/aws-core-2.17.247.jar:/Users/marcos/.m2/repository/software/amazon/awssdk/metrics-spi/2.17.247/metrics-spi-2.17.247.jar:/Users/marcos/.m2/repository/software/amazon/awssdk/apache-client/2.17.247/apache-client-2.17.247.jar:/Users/marcos/.m2/repository/org/apache/httpcomponents/httpclient/4.5.13/httpclient-4.5.13.jar:/Users/marcos/.m2/repository/org/apache/httpcomponents/httpcore/4.4.13/httpcore-4.4.13.jar:/Users/marcos/.m2/repository/org/apache/flink/flink-connector-dynamodb/3.0.0-1.15/flink-connector-dynamodb-3.0.0-1.15.jar:/Users/marcos/.m2/repository/software/amazon/awssdk/dynamodb/2.17.247/dynamodb-2.17.247.jar:/Users/marcos/.m2/repository/software/amazon/awssdk/dynamodb-enhanced/2.17.247/dynamodb-enhanced-2.17.247.jar:/Users/marcos/.m2/repository/org/apache/flink/flink-connector-files/1.15.2/flink-connector-files-1.15.2.jar:/Users/marcos/.m2/repository/org/apache/flink/flink-clients/1.15.2/flink-clients-1.15.2.jar:/Users/marcos/.m2/repository/org/apache/flink/flink-optimizer/1.15.2/flink-optimizer-1.15.2.jar:/Users/marcos/.m2/repository/commons-cli/commons-cli/1.5.0/commons-cli-1.5.0.jar:/Users/marcos/.m2/repository/junit/junit/4.13.1/junit-4.13.1.jar:/Users/marcos/.m2/repository/org/hamcrest/hamcrest-core/1.3/hamcrest-core-1.3.jar:/Users/marcos/.m2/repository/com/google/code/gson/gson/2.9.1/gson-2.9.1.jar:"/>
    <property name="java.vm.vendor" value="Amazon.com Inc."/>
    <property name="sun.arch.data.model" value="64"/>
    <property name="java.vendor.url" value="https://aws.amazon.com/corretto/"/>
    <property name="os.name" value="Mac OS X"/>
    <property name="java.vm.specification.version" value="17"/>
    <property name="sun.java.launcher" value="SUN_STANDARD"/>
    <property name="user.country" value="AR"/>
    <property name="sun.boot.library.path" value="/Users/marcos/.sdkman/candidates/java/17.0.6-amzn/lib"/>
    <property name="sun.java.command" value="/Users/marcos/workspace/clip_backup/target/surefire/surefirebooter-20230330170815759_3.jar /Users/marcos/workspace/clip_backup/target/surefire 2023-03-30T17-08-15_546-jvmRun1 surefire-20230330170815759_1tmp surefire_0-20230330170815759_2tmp"/>
    <property name="http.nonProxyHosts" value="local|*.local|169.254/16|*.169.254/16"/>
    <property name="jdk.debug" value="release"/>
    <property name="surefire.test.class.path" value="/Users/marcos/workspace/clip_backup/target/test-classes:/Users/marcos/workspace/clip_backup/target/classes:/Users/marcos/.m2/repository/com/amazonaws/aws-kinesisanalytics-runtime/1.2.0/aws-kinesisanalytics-runtime-1.2.0.jar:/Users/marcos/.m2/repository/org/apache/flink/flink-connector-kinesis/1.15.2/flink-connector-kinesis-1.15.2.jar:/Users/marcos/.m2/repository/joda-time/joda-time/2.5/joda-time-2.5.jar:/Users/marcos/.m2/repository/commons-io/commons-io/2.11.0/commons-io-2.11.0.jar:/Users/marcos/.m2/repository/commons-lang/commons-lang/2.6/commons-lang-2.6.jar:/Users/marcos/.m2/repository/org/apache/commons/commons-lang3/3.3.2/commons-lang3-3.3.2.jar:/Users/marcos/.m2/repository/commons-logging/commons-logging/1.1.3/commons-logging-1.1.3.jar:/Users/marcos/.m2/repository/com/fasterxml/jackson/core/jackson-core/2.13.2/jackson-core-2.13.2.jar:/Users/marcos/.m2/repository/com/google/guava/guava/29.0-jre/guava-29.0-jre.jar:/Users/marcos/.m2/repository/com/google/guava/failureaccess/1.0.1/failureaccess-1.0.1.jar:/Users/marcos/.m2/repository/com/google/guava/listenablefuture/9999.0-empty-to-avoid-conflict-with-guava/listenablefuture-9999.0-empty-to-avoid-conflict-with-guava.jar:/Users/marcos/.m2/repository/org/checkerframework/checker-qual/2.11.1/checker-qual-2.11.1.jar:/Users/marcos/.m2/repository/com/google/errorprone/error_prone_annotations/2.3.4/error_prone_annotations-2.3.4.jar:/Users/marcos/.m2/repository/com/google/j2objc/j2objc-annotations/1.3/j2objc-annotations-1.3.jar:/Users/marcos/.m2/repository/org/apache/flink/flink-core/1.15.2/flink-core-1.15.2.jar:/Users/marcos/.m2/repository/org/apache/flink/flink-shaded-guava/30.1.1-jre-15.0/flink-shaded-guava-30.1.1-jre-15.0.jar:/Users/marcos/.m2/repository/org/apache/flink/flink-connector-base/1.15.2/flink-connector-base-1.15.2.jar:/Users/marcos/.m2/repository/org/apache/flink/flink-table-common/1.15.2/flink-table-common-1.15.2.jar:/Users/marcos/.m2/repository/org/apache/flink/flink-annotations/1.15.2/flink-annotations-1.15.2.jar:/Users/marcos/.m2/repository/org/apache/flink/flink-metrics-core/1.15.2/flink-metrics-core-1.15.2.jar:/Users/marcos/.m2/repository/org/apache/flink/flink-shaded-asm-9/9.2-15.0/flink-shaded-asm-9-9.2-15.0.jar:/Users/marcos/.m2/repository/com/esotericsoftware/kryo/kryo/2.24.0/kryo-2.24.0.jar:/Users/marcos/.m2/repository/com/esotericsoftware/minlog/minlog/1.2/minlog-1.2.jar:/Users/marcos/.m2/repository/commons-collections/commons-collections/3.2.2/commons-collections-3.2.2.jar:/Users/marcos/.m2/repository/org/apache/commons/commons-compress/1.21/commons-compress-1.21.jar:/Users/marcos/.m2/repository/com/fasterxml/jackson/core/jackson-annotations/2.13.2/jackson-annotations-2.13.2.jar:/Users/marcos/.m2/repository/com/ibm/icu/icu4j/67.1/icu4j-67.1.jar:/Users/marcos/.m2/repository/commons-codec/commons-codec/1.15/commons-codec-1.15.jar:/Users/marcos/.m2/repository/com/fasterxml/jackson/dataformat/jackson-dataformat-cbor/2.13.2/jackson-dataformat-cbor-2.13.2.jar:/Users/marcos/.m2/repository/com/fasterxml/jackson/core/jackson-databind/2.13.2.2/jackson-databind-2.13.2.2.jar:/Users/marcos/.m2/repository/org/apache/flink/flink-shaded-force-shading/15.0/flink-shaded-force-shading-15.0.jar:/Users/marcos/.m2/repository/org/objenesis/objenesis/2.1/objenesis-2.1.jar:/Users/marcos/.m2/repository/org/apache/flink/flink-streaming-java/1.15.2/flink-streaming-java-1.15.2.jar:/Users/marcos/.m2/repository/org/apache/flink/flink-file-sink-common/1.15.2/flink-file-sink-common-1.15.2.jar:/Users/marcos/.m2/repository/org/apache/flink/flink-runtime/1.15.2/flink-runtime-1.15.2.jar:/Users/marcos/.m2/repository/org/apache/flink/flink-rpc-core/1.15.2/flink-rpc-core-1.15.2.jar:/Users/marcos/.m2/repository/org/apache/flink/flink-rpc-akka-loader/1.15.2/flink-rpc-akka-loader-1.15.2.jar:/Users/marcos/.m2/repository/org/apache/flink/flink-queryable-state-client-java/1.15.2/flink-queryable-state-client-java-1.15.2.jar:/Users/marcos/.m2/repository/org/apache/flink/flink-hadoop-fs/1.15.2/flink-hadoop-fs-1.15.2.jar:/Users/marcos/.m2/repository/org/apache/flink/flink-shaded-netty/4.1.70.Final-15.0/flink-shaded-netty-4.1.70.Final-15.0.jar:/Users/marcos/.m2/repository/org/apache/flink/flink-shaded-jackson/2.12.4-15.0/flink-shaded-jackson-2.12.4-15.0.jar:/Users/marcos/.m2/repository/org/apache/flink/flink-shaded-zookeeper-3/3.5.9-15.0/flink-shaded-zookeeper-3-3.5.9-15.0.jar:/Users/marcos/.m2/repository/org/javassist/javassist/3.24.0-GA/javassist-3.24.0-GA.jar:/Users/marcos/.m2/repository/org/xerial/snappy/snappy-java/1.1.8.3/snappy-java-1.1.8.3.jar:/Users/marcos/.m2/repository/org/lz4/lz4-java/1.8.0/lz4-java-1.8.0.jar:/Users/marcos/.m2/repository/org/apache/flink/flink-java/1.15.2/flink-java-1.15.2.jar:/Users/marcos/.m2/repository/com/twitter/chill-java/0.7.6/chill-java-0.7.6.jar:/Users/marcos/.m2/repository/org/apache/commons/commons-math3/3.6.1/commons-math3-3.6.1.jar:/Users/marcos/.m2/repository/org/slf4j/slf4j-api/1.7.32/slf4j-api-1.7.32.jar:/Users/marcos/.m2/repository/com/google/code/findbugs/jsr305/1.3.9/jsr305-1.3.9.jar:/Users/marcos/.m2/repository/org/apache/flink/flink-connector-aws-kinesis-streams/1.15.2/flink-connector-aws-kinesis-streams-1.15.2.jar:/Users/marcos/.m2/repository/org/apache/flink/flink-connector-aws-base/1.15.2/flink-connector-aws-base-1.15.2.jar:/Users/marcos/.m2/repository/software/amazon/awssdk/netty-nio-client/2.17.247/netty-nio-client-2.17.247.jar:/Users/marcos/.m2/repository/io/netty/netty-codec-http/4.1.77.Final/netty-codec-http-4.1.77.Final.jar:/Users/marcos/.m2/repository/io/netty/netty-codec-http2/4.1.77.Final/netty-codec-http2-4.1.77.Final.jar:/Users/marcos/.m2/repository/io/netty/netty-codec/4.1.77.Final/netty-codec-4.1.77.Final.jar:/Users/marcos/.m2/repository/io/netty/netty-transport/4.1.77.Final/netty-transport-4.1.77.Final.jar:/Users/marcos/.m2/repository/io/netty/netty-resolver/4.1.77.Final/netty-resolver-4.1.77.Final.jar:/Users/marcos/.m2/repository/io/netty/netty-common/4.1.77.Final/netty-common-4.1.77.Final.jar:/Users/marcos/.m2/repository/io/netty/netty-buffer/4.1.77.Final/netty-buffer-4.1.77.Final.jar:/Users/marcos/.m2/repository/io/netty/netty-handler/4.1.77.Final/netty-handler-4.1.77.Final.jar:/Users/marcos/.m2/repository/io/netty/netty-transport-classes-epoll/4.1.77.Final/netty-transport-classes-epoll-4.1.77.Final.jar:/Users/marcos/.m2/repository/io/netty/netty-transport-native-unix-common/4.1.77.Final/netty-transport-native-unix-common-4.1.77.Final.jar:/Users/marcos/.m2/repository/org/reactivestreams/reactive-streams/1.0.3/reactive-streams-1.0.3.jar:/Users/marcos/.m2/repository/software/amazon/awssdk/sts/2.17.247/sts-2.17.247.jar:/Users/marcos/.m2/repository/software/amazon/awssdk/aws-query-protocol/2.17.247/aws-query-protocol-2.17.247.jar:/Users/marcos/.m2/repository/software/amazon/awssdk/kinesis/2.17.247/kinesis-2.17.247.jar:/Users/marcos/.m2/repository/software/amazon/awssdk/aws-cbor-protocol/2.17.247/aws-cbor-protocol-2.17.247.jar:/Users/marcos/.m2/repository/software/amazon/awssdk/third-party-jackson-dataformat-cbor/2.17.247/third-party-jackson-dataformat-cbor-2.17.247.jar:/Users/marcos/.m2/repository/software/amazon/awssdk/third-party-jackson-core/2.17.247/third-party-jackson-core-2.17.247.jar:/Users/marcos/.m2/repository/software/amazon/awssdk/aws-json-protocol/2.17.247/aws-json-protocol-2.17.247.jar:/Users/marcos/.m2/repository/software/amazon/awssdk/json-utils/2.17.247/json-utils-2.17.247.jar:/Users/marcos/.m2/repository/software/amazon/awssdk/protocol-core/2.17.247/protocol-core-2.17.247.jar:/Users/marcos/.m2/repository/software/amazon/awssdk/profiles/2.17.247/profiles-2.17.247.jar:/Users/marcos/.m2/repository/software/amazon/awssdk/sdk-core/2.17.247/sdk-core-2.17.247.jar:/Users/marcos/.m2/repository/software/amazon/awssdk/auth/2.17.247/auth-2.17.247.jar:/Users/marcos/.m2/repository/software/amazon/eventstream/eventstream/1.0.1/eventstream-1.0.1.jar:/Users/marcos/.m2/repository/software/amazon/awssdk/http-client-spi/2.17.247/http-client-spi-2.17.247.jar:/Users/marcos/.m2/repository/software/amazon/awssdk/regions/2.17.247/regions-2.17.247.jar:/Users/marcos/.m2/repository/software/amazon/awssdk/annotations/2.17.247/annotations-2.17.247.jar:/Users/marcos/.m2/repository/software/amazon/awssdk/utils/2.17.247/utils-2.17.247.jar:/Users/marcos/.m2/repository/software/amazon/awssdk/aws-core/2.17.247/aws-core-2.17.247.jar:/Users/marcos/.m2/repository/software/amazon/awssdk/metrics-spi/2.17.247/metrics-spi-2.17.247.jar:/Users/marcos/.m2/repository/software/amazon/awssdk/apache-client/2.17.247/apache-client-2.17.247.jar:/Users/marcos/.m2/repository/org/apache/httpcomponents/httpclient/4.5.13/httpclient-4.5.13.jar:/Users/marcos/.m2/repository/org/apache/httpcomponents/httpcore/4.4.13/httpcore-4.4.13.jar:/Users/marcos/.m2/repository/org/apache/flink/flink-connector-dynamodb/3.0.0-1.15/flink-connector-dynamodb-3.0.0-1.15.jar:/Users/marcos/.m2/repository/software/amazon/awssdk/dynamodb/2.17.247/dynamodb-2.17.247.jar:/Users/marcos/.m2/repository/software/amazon/awssdk/dynamodb-enhanced/2.17.247/dynamodb-enhanced-2.17.247.jar:/Users/marcos/.m2/repository/org/apache/flink/flink-connector-files/1.15.2/flink-connector-files-1.15.2.jar:/Users/marcos/.m2/repository/org/apache/flink/flink-clients/1.15.2/flink-clients-1.15.2.jar:/Users/marcos/.m2/repository/org/apache/flink/flink-optimizer/1.15.2/flink-optimizer-1.15.2.jar:/Users/marcos/.m2/repository/commons-cli/commons-cli/1.5.0/commons-cli-1.5.0.jar:/Users/marcos/.m2/repository/junit/junit/4.13.1/junit-4.13.1.jar:/Users/marcos/.m2/repository/org/hamcrest/hamcrest-core/1.3/hamcrest-core-1.3.jar:/Users/marcos/.m2/repository/com/google/code/gson/gson/2.9.1/gson-2.9.1.jar:"/>
    <property name="sun.cpu.endian" value="little"/>
    <property name="user.home" value="/Users/marcos"/>
    <property name="user.language" value="en"/>
    <property name="java.specification.vendor" value="Oracle Corporation"/>
    <property name="java.version.date" value="2023-01-17"/>
    <property name="java.home" value="/Users/marcos/.sdkman/candidates/java/17.0.6-amzn"/>
    <property name="file.separator" value="/"/>
    <property name="basedir" value="/Users/marcos/workspace/clip_backup"/>
    <property name="java.vm.compressedOopsMode" value="Zero based"/>
    <property name="line.separator" value="&#10;"/>
    <property name="java.specification.name" value="Java Platform API Specification"/>
    <property name="java.vm.specification.vendor" value="Oracle Corporation"/>
    <property name="surefire.real.class.path" value="/Users/marcos/workspace/clip_backup/target/surefire/surefirebooter-20230330170815759_3.jar"/>
    <property name="sun.management.compiler" value="HotSpot 64-Bit Tiered Compilers"/>
    <property name="ftp.nonProxyHosts" value="local|*.local|169.254/16|*.169.254/16"/>
    <property name="java.runtime.version" value="17.0.6+10-LTS"/>
    <property name="user.name" value="marcos"/>
    <property name="path.separator" value=":"/>
    <property name="os.version" value="13.0.1"/>
    <property name="java.runtime.name" value="OpenJDK Runtime Environment"/>
    <property name="file.encoding" value="UTF-8"/>
    <property name="java.vm.name" value="OpenJDK 64-Bit Server VM"/>
    <property name="java.vendor.version" value="Corretto-17.0.6.10.1"/>
    <property name="localRepository" value="/Users/marcos/.m2/repository"/>
    <property name="java.vendor.url.bug" value="https://github.com/corretto/corretto-17/issues/"/>
    <property name="java.io.tmpdir" value="/var/folders/_j/mk8y4y3d02vfn3nf0_m79glr0000gn/T/"/>
    <property name="java.version" value="17.0.6"/>
    <property name="user.dir" value="/Users/marcos/workspace/clip_backup"/>
    <property name="os.arch" value="x86_64"/>
    <property name="java.vm.specification.name" value="Java Virtual Machine Specification"/>
    <property name="native.encoding" value="UTF-8"/>
    <property name="java.library.path" value="/Users/marcos/Library/Java/Extensions:/Library/Java/Extensions:/Network/Library/Java/Extensions:/System/Library/Java/Extensions:/usr/lib/java:."/>
    <property name="java.vm.info" value="mixed mode, sharing"/>
    <property name="java.vendor" value="Amazon.com Inc."/>
    <property name="java.vm.version" value="17.0.6+10-LTS"/>
    <property name="sun.io.unicode.encoding" value="UnicodeBig"/>
    <property name="socksNonProxyHosts" value="local|*.local|169.254/16|*.169.254/16"/>
    <property name="java.class.version" value="61.0"/>
  </properties>
  <testcase name="testFeatureJobTransformations" classname="FraudPreventionFeaturesJobTest" time="2.671">
    <system-err><![CDATA[SLF4J: Failed to load class "org.slf4j.impl.StaticLoggerBinder".
SLF4J: Defaulting to no-operation (NOP) logger implementation
SLF4J: See http://www.slf4j.org/codes.html#StaticLoggerBinder for further details.
]]></system-err>
  </testcase>
</testsuite>